{
  "stats": {
    "suites": 3,
    "tests": 7,
    "passes": 7,
    "pending": 0,
    "failures": 0,
    "testsRegistered": 7,
    "passPercent": 100,
    "pendingPercent": 0,
    "other": 0,
    "hasOther": false,
    "skipped": 0,
    "hasSkipped": false,
    "start": "2024-09-19T02:04:21.893Z",
    "end": "2024-09-19T02:04:34.782Z",
    "duration": 12889
  },
  "results": [
    {
      "uuid": "7475958a-a9a9-4b66-91e0-4b4736ad6f99",
      "title": "",
      "fullFile": "cypress/e2e/login/login.spec.cy.js",
      "file": "cypress/e2e/login/login.spec.cy.js",
      "beforeHooks": [],
      "afterHooks": [],
      "tests": [],
      "suites": [
        {
          "uuid": "c1676abf-3a6f-4421-ad44-d73a98eb2c54",
          "title": "Login",
          "fullFile": "",
          "file": "",
          "beforeHooks": [],
          "afterHooks": [],
          "tests": [
            {
              "title": "Should Log in with exusting account",
              "fullTitle": "Login Should Log in with exusting account",
              "timedOut": null,
              "duration": 1632,
              "state": "passed",
              "speed": "fast",
              "pass": true,
              "fail": false,
              "pending": false,
              "context": null,
              "code": "_login.default.login(_userCredentials.default.realtor.email, _userCredentials.default.realtor.password);\n_dashboard.default.nameLbl.should(\"have.text\", _userCredentials.default.realtor.name);\n_dashboard.default.roleLbl.should(\"have.text\", _userCredentials.default.realtor.role);\ncy.title().should(\"eq\", \"User: Profile | Delek Homes\");",
              "err": {},
              "uuid": "2158c8be-1d91-44d4-b59a-b6545265e125",
              "parentUUID": "c1676abf-3a6f-4421-ad44-d73a98eb2c54",
              "isHook": false,
              "skipped": false
            },
            {
              "title": "Should Log out",
              "fullTitle": "Login Should Log out",
              "timedOut": null,
              "duration": 764,
              "state": "passed",
              "speed": "fast",
              "pass": true,
              "fail": false,
              "pending": false,
              "context": null,
              "code": "cy.login();\n_dashboard.default.accountIcn.click();\ncy.contains(\"Logout\").click();\ncy.url().should(\"include\", \"auth/login\");\ncy.title().should(\"eq\", \"Login | Delek Homes\");",
              "err": {},
              "uuid": "70e8e368-4f1c-4b0b-b9ad-2d1f00cb2a31",
              "parentUUID": "c1676abf-3a6f-4421-ad44-d73a98eb2c54",
              "isHook": false,
              "skipped": false
            }
          ],
          "suites": [],
          "passes": [
            "2158c8be-1d91-44d4-b59a-b6545265e125",
            "70e8e368-4f1c-4b0b-b9ad-2d1f00cb2a31"
          ],
          "failures": [],
          "pending": [],
          "skipped": [],
          "duration": 2396,
          "root": false,
          "rootEmpty": false,
          "_timeout": 2000
        }
      ],
      "passes": [],
      "failures": [],
      "pending": [],
      "skipped": [],
      "duration": 0,
      "root": true,
      "rootEmpty": true,
      "_timeout": 2000
    },
    {
      "uuid": "f6132b8c-a4a2-43fa-b1b5-081f3afde016",
      "title": "",
      "fullFile": "cypress/e2e/registration/api.registration.cy.js",
      "file": "cypress/e2e/registration/api.registration.cy.js",
      "beforeHooks": [],
      "afterHooks": [],
      "tests": [],
      "suites": [
        {
          "uuid": "3c27363d-2920-4323-bc65-952b398b5e7f",
          "title": "Registration",
          "fullFile": "",
          "file": "",
          "beforeHooks": [],
          "afterHooks": [],
          "tests": [
            {
              "title": "Should register a new account via API",
              "fullTitle": "Registration Should register a new account via API",
              "timedOut": null,
              "duration": 1011,
              "state": "passed",
              "speed": "fast",
              "pass": true,
              "fail": false,
              "pending": false,
              "context": null,
              "code": "cy.registerNewUser(firstName, lastName, email, password);\ncy.deleteNewUser();",
              "err": {},
              "uuid": "7baeaddc-96c4-42ec-a889-e277ffe7f008",
              "parentUUID": "3c27363d-2920-4323-bc65-952b398b5e7f",
              "isHook": false,
              "skipped": false
            }
          ],
          "suites": [],
          "passes": [
            "7baeaddc-96c4-42ec-a889-e277ffe7f008"
          ],
          "failures": [],
          "pending": [],
          "skipped": [],
          "duration": 1011,
          "root": false,
          "rootEmpty": false,
          "_timeout": 2000
        }
      ],
      "passes": [],
      "failures": [],
      "pending": [],
      "skipped": [],
      "duration": 0,
      "root": true,
      "rootEmpty": true,
      "_timeout": 2000
    },
    {
      "uuid": "7e74c268-7170-4370-9b03-b80c2ad4c0ae",
      "title": "",
      "fullFile": "cypress/e2e/registration/registration.spec.cy.js",
      "file": "cypress/e2e/registration/registration.spec.cy.js",
      "beforeHooks": [],
      "afterHooks": [],
      "tests": [],
      "suites": [
        {
          "uuid": "d023349d-4985-4dd2-9581-c6b405dc29bf",
          "title": "Registration",
          "fullFile": "",
          "file": "",
          "beforeHooks": [],
          "afterHooks": [],
          "tests": [
            {
              "title": "Should register a new account",
              "fullTitle": "Registration Should register a new account",
              "timedOut": null,
              "duration": 1818,
              "state": "passed",
              "speed": "fast",
              "pass": true,
              "fail": false,
              "pending": false,
              "context": null,
              "code": "cy.intercept('POST', '/api/users/registration').as('registerUser');\n_registration_page.default.registration(firstName, lastName, email, password);\ncy.wait('@registerUser').then(interception => {\n  const newUserId = interception.response.body.user.id;\n  Cypress.env(\"newUserId\", newUserId);\n  window.localStorage.setItem(\"accessToken\", interception.response.body.accessToken);\n});\n_dashboard.default.roleLbl.should(\"have.text\", _userCredentials.default.user.role);\n_dashboard.default.nameLbl.should(\"have.text\", `${firstName}  ${lastName}`);\ncy.title().should(\"eq\", \"User: Profile | Delek Homes\");",
              "err": {},
              "uuid": "2860a818-3858-48a5-9b9f-d69fe3accb6e",
              "parentUUID": "d023349d-4985-4dd2-9581-c6b405dc29bf",
              "isHook": false,
              "skipped": false
            },
            {
              "title": "Should not register with an already existing email account",
              "fullTitle": "Registration Should not register with an already existing email account",
              "timedOut": null,
              "duration": 1484,
              "state": "passed",
              "speed": "fast",
              "pass": true,
              "fail": false,
              "pending": false,
              "context": null,
              "code": "_registration_page.default.registration(firstName, lastName, _userCredentials.default.realtor.email, password);\n_registration_page.default.alertMssg.should(\"exist\").and(\"have.text\", _registrationValidationErrors.default.validationFailed);",
              "err": {},
              "uuid": "e1ec4fd5-2d0b-4d2e-a3fd-0540b496da15",
              "parentUUID": "d023349d-4985-4dd2-9581-c6b405dc29bf",
              "isHook": false,
              "skipped": false
            },
            {
              "title": "Should not register without filling in required fields",
              "fullTitle": "Registration Should not register without filling in required fields",
              "timedOut": null,
              "duration": 236,
              "state": "passed",
              "speed": "fast",
              "pass": true,
              "fail": false,
              "pending": false,
              "context": null,
              "code": "_registration_page.default.submitBtn.click();\ncy.contains(_registrationValidationErrors.default.firstNameRequired);\ncy.contains(_registrationValidationErrors.default.lastNameRequired);\ncy.contains(_registrationValidationErrors.default.emailRequired);\ncy.contains(_registrationValidationErrors.default.passwordRequired);",
              "err": {},
              "uuid": "80f59b4b-069e-43c9-8f7a-7da529acb1f2",
              "parentUUID": "d023349d-4985-4dd2-9581-c6b405dc29bf",
              "isHook": false,
              "skipped": false
            },
            {
              "title": "Should overwrite user role",
              "fullTitle": "Registration Should overwrite user role",
              "timedOut": null,
              "duration": 731,
              "state": "passed",
              "speed": "fast",
              "pass": true,
              "fail": false,
              "pending": false,
              "context": null,
              "code": "cy.overwriteRole();\ncy.login(email, password);\n_dashboard.default.roleLbl.should(\"have.text\", _userCredentials.default.realtor.role);",
              "err": {},
              "uuid": "1d9fac5f-a52d-4fd1-bdb8-3ff085997a5d",
              "parentUUID": "d023349d-4985-4dd2-9581-c6b405dc29bf",
              "isHook": false,
              "skipped": false
            }
          ],
          "suites": [],
          "passes": [
            "2860a818-3858-48a5-9b9f-d69fe3accb6e",
            "e1ec4fd5-2d0b-4d2e-a3fd-0540b496da15",
            "80f59b4b-069e-43c9-8f7a-7da529acb1f2",
            "1d9fac5f-a52d-4fd1-bdb8-3ff085997a5d"
          ],
          "failures": [],
          "pending": [],
          "skipped": [],
          "duration": 4269,
          "root": false,
          "rootEmpty": false,
          "_timeout": 2000
        }
      ],
      "passes": [],
      "failures": [],
      "pending": [],
      "skipped": [],
      "duration": 0,
      "root": true,
      "rootEmpty": true,
      "_timeout": 2000
    }
  ],
  "meta": {
    "mocha": {
      "version": "7.0.1"
    },
    "mochawesome": {
      "options": {
        "quiet": false,
        "reportFilename": "mochawesome",
        "saveHtml": false,
        "saveJson": true,
        "consoleReporter": "spec",
        "useInlineDiffs": false,
        "code": true
      },
      "version": "7.1.3"
    },
    "marge": {
      "options": {
        "reportDir": "mochawesome-report-chrome/.jsons",
        "overwrite": false,
        "showPassed": true,
        "html": false,
        "json": true
      },
      "version": "6.2.0"
    }
  }
}