{
  "stats": {
    "suites": 1,
    "tests": 1,
    "passes": 1,
    "pending": 0,
    "failures": 0,
    "start": "2024-09-19T02:58:38.974Z",
    "end": "2024-09-19T02:58:40.518Z",
    "duration": 1544,
    "testsRegistered": 1,
    "passPercent": 100,
    "pendingPercent": 0,
    "other": 0,
    "hasOther": false,
    "skipped": 0,
    "hasSkipped": false
  },
  "results": [
    {
      "uuid": "9817058b-6400-441d-8736-7cce14625148",
      "title": "",
      "fullFile": "cypress/e2e/registration/api.registration.cy.js",
      "file": "cypress/e2e/registration/api.registration.cy.js",
      "beforeHooks": [],
      "afterHooks": [],
      "tests": [],
      "suites": [
        {
          "uuid": "779aabcd-fc6a-4c89-a43c-ee6b766302d7",
          "title": "Registration",
          "fullFile": "",
          "file": "",
          "beforeHooks": [],
          "afterHooks": [],
          "tests": [
            {
              "title": "Should register a new account via API",
              "fullTitle": "Registration Should register a new account via API",
              "timedOut": null,
              "duration": 1515,
              "state": "passed",
              "speed": "fast",
              "pass": true,
              "fail": false,
              "pending": false,
              "context": null,
              "code": "cy.registerNewUser(firstName, lastName, email, password);\ncy.deleteNewUser();",
              "err": {},
              "uuid": "6a157d05-ca94-4ab0-8488-89b795930387",
              "parentUUID": "779aabcd-fc6a-4c89-a43c-ee6b766302d7",
              "isHook": false,
              "skipped": false
            }
          ],
          "suites": [],
          "passes": [
            "6a157d05-ca94-4ab0-8488-89b795930387"
          ],
          "failures": [],
          "pending": [],
          "skipped": [],
          "duration": 1515,
          "root": false,
          "rootEmpty": false,
          "_timeout": 2000
        }
      ],
      "passes": [],
      "failures": [],
      "pending": [],
      "skipped": [],
      "duration": 0,
      "root": true,
      "rootEmpty": true,
      "_timeout": 2000
    }
  ],
  "meta": {
    "mocha": {
      "version": "7.0.1"
    },
    "mochawesome": {
      "options": {
        "quiet": false,
        "reportFilename": "mochawesome",
        "saveHtml": false,
        "saveJson": true,
        "consoleReporter": "spec",
        "useInlineDiffs": false,
        "code": true
      },
      "version": "7.1.3"
    },
    "marge": {
      "options": {
        "reportDir": "mochawesome-report-firefox/.jsons",
        "overwrite": false,
        "showPassed": true,
        "html": false,
        "json": true
      },
      "version": "6.2.0"
    }
  }
}