{
  "stats": {
    "suites": 1,
    "tests": 2,
    "passes": 2,
    "pending": 0,
    "failures": 0,
    "start": "2024-09-19T02:12:20.176Z",
    "end": "2024-09-19T02:12:24.216Z",
    "duration": 4040,
    "testsRegistered": 2,
    "passPercent": 100,
    "pendingPercent": 0,
    "other": 0,
    "hasOther": false,
    "skipped": 0,
    "hasSkipped": false
  },
  "results": [
    {
      "uuid": "51d2998a-5dcd-4b20-9952-8e514b828a7c",
      "title": "",
      "fullFile": "cypress/e2e/login/login.spec.cy.js",
      "file": "cypress/e2e/login/login.spec.cy.js",
      "beforeHooks": [],
      "afterHooks": [],
      "tests": [],
      "suites": [
        {
          "uuid": "8c607132-1d44-4672-a40b-1ccfbdfc58aa",
          "title": "Login",
          "fullFile": "",
          "file": "",
          "beforeHooks": [],
          "afterHooks": [],
          "tests": [
            {
              "title": "Should Log in with exusting account",
              "fullTitle": "Login Should Log in with exusting account",
              "timedOut": null,
              "duration": 2393,
              "state": "passed",
              "speed": "fast",
              "pass": true,
              "fail": false,
              "pending": false,
              "context": null,
              "code": "_login.default.login(_userCredentials.default.realtor.email, _userCredentials.default.realtor.password);\n_dashboard.default.nameLbl.should(\"have.text\", _userCredentials.default.realtor.name);\n_dashboard.default.roleLbl.should(\"have.text\", _userCredentials.default.realtor.role);\ncy.title().should(\"eq\", \"User: Profile | Delek Homes\");",
              "err": {},
              "uuid": "62196eb5-2839-472a-80ed-374acfe648bf",
              "parentUUID": "8c607132-1d44-4672-a40b-1ccfbdfc58aa",
              "isHook": false,
              "skipped": false
            },
            {
              "title": "Should Log out",
              "fullTitle": "Login Should Log out",
              "timedOut": null,
              "duration": 1544,
              "state": "passed",
              "speed": "fast",
              "pass": true,
              "fail": false,
              "pending": false,
              "context": null,
              "code": "cy.login();\n_dashboard.default.accountIcn.click();\ncy.contains(\"Logout\").click();\ncy.url().should(\"include\", \"auth/login\");\ncy.title().should(\"eq\", \"Login | Delek Homes\");",
              "err": {},
              "uuid": "d23055db-3152-45df-b694-c41850c281ce",
              "parentUUID": "8c607132-1d44-4672-a40b-1ccfbdfc58aa",
              "isHook": false,
              "skipped": false
            }
          ],
          "suites": [],
          "passes": [
            "62196eb5-2839-472a-80ed-374acfe648bf",
            "d23055db-3152-45df-b694-c41850c281ce"
          ],
          "failures": [],
          "pending": [],
          "skipped": [],
          "duration": 3937,
          "root": false,
          "rootEmpty": false,
          "_timeout": 2000
        }
      ],
      "passes": [],
      "failures": [],
      "pending": [],
      "skipped": [],
      "duration": 0,
      "root": true,
      "rootEmpty": true,
      "_timeout": 2000
    }
  ],
  "meta": {
    "mocha": {
      "version": "7.0.1"
    },
    "mochawesome": {
      "options": {
        "quiet": false,
        "reportFilename": "mochawesome",
        "saveHtml": false,
        "saveJson": true,
        "consoleReporter": "spec",
        "useInlineDiffs": false,
        "code": true
      },
      "version": "7.1.3"
    },
    "marge": {
      "options": {
        "reportDir": "mochawesome-report-firefox/.jsons",
        "overwrite": false,
        "showPassed": true,
        "html": false,
        "json": true
      },
      "version": "6.2.0"
    }
  }
}