{
  "stats": {
    "suites": 1,
    "tests": 4,
    "passes": 4,
    "pending": 0,
    "failures": 0,
    "start": "2024-09-21T13:26:46.350Z",
    "end": "2024-09-21T13:26:50.937Z",
    "duration": 4587,
    "testsRegistered": 4,
    "passPercent": 100,
    "pendingPercent": 0,
    "other": 0,
    "hasOther": false,
    "skipped": 0,
    "hasSkipped": false
  },
  "results": [
    {
      "uuid": "03c75109-0de7-48c2-88d9-90c250ea4730",
      "title": "",
      "fullFile": "cypress/e2e/search/search.lisitngPage.positive.cy.js",
      "file": "cypress/e2e/search/search.lisitngPage.positive.cy.js",
      "beforeHooks": [],
      "afterHooks": [],
      "tests": [],
      "suites": [
        {
          "uuid": "b71bdfd9-3439-4552-b399-e7241b870288",
          "title": "Search",
          "fullFile": "",
          "file": "",
          "beforeHooks": [],
          "afterHooks": [],
          "tests": [
            {
              "title": "Should search by keyword",
              "fullTitle": "Search Should search by keyword",
              "timedOut": null,
              "duration": 2197,
              "state": "passed",
              "speed": "fast",
              "pass": true,
              "fail": false,
              "pending": false,
              "context": null,
              "code": "_featuredListings.default.searchInp.type(_newListingDetails.default.title);\ncy.contains(\"Start Search\").click();\ncy.contains(_newListingDetails.default.title);\ncy.contains(_listingDetailsCheck.default.city);\ncy.contains(_listingDetailsCheck.default.price);",
              "err": {},
              "uuid": "6e42a39c-c060-4d04-9067-397f6afd5204",
              "parentUUID": "b71bdfd9-3439-4552-b399-e7241b870288",
              "isHook": false,
              "skipped": false
            },
            {
              "title": "Should search by bedrooms",
              "fullTitle": "Search Should search by bedrooms",
              "timedOut": null,
              "duration": 921,
              "state": "passed",
              "speed": "fast",
              "pass": true,
              "fail": false,
              "pending": false,
              "context": null,
              "code": "cy.contains(\"label\", \"Bedrooms\").parent().click();\n_featuredListings.default.bedrmsDrpdwnSelect.click();\ncy.contains(\"Start Search\").click();\n_featuredListings.default.bedroomIcn.parent().each($el => {\n  cy.wrap($el).invoke(\"text\").then(text => {\n    const numberBedrooms = Number(text.replace(/\\D/g, \"\"));\n    expect(numberBedrooms).to.be.greaterThan(1);\n  });\n});\ncy.contains(\"More Info\").click();\n_featuredListings.default.bedroomIcn.parent().invoke(\"text\").then(text => {\n  const numberBedrooms = Number(text.replace(/\\D/g, \"\"));\n  expect(numberBedrooms).to.be.greaterThan(1);\n});",
              "err": {},
              "uuid": "c790ebe8-270e-4468-9717-3c3291b07d09",
              "parentUUID": "b71bdfd9-3439-4552-b399-e7241b870288",
              "isHook": false,
              "skipped": false
            },
            {
              "title": "Should search by city",
              "fullTitle": "Search Should search by city",
              "timedOut": null,
              "duration": 906,
              "state": "passed",
              "speed": "fast",
              "pass": true,
              "fail": false,
              "pending": false,
              "context": null,
              "code": "cy.contains(\"label\", \"City\").parent().type(_listingDetailsCheck.default.city);\ncy.contains(\"Start Search\").click();\ncy.contains(_listingDetailsCheck.default.city).should(\"have.length\", 1);\ncy.contains(_newListingDetails.default.title);\ncy.contains(_listingDetailsCheck.default.address);\ncy.contains(_listingDetailsCheck.default.state);\ncy.contains(_listingDetailsCheck.default.sqft);\ncy.contains(_listingDetailsCheck.default.bedrooms);\ncy.contains(_listingDetailsCheck.default.garage);\ncy.contains(_listingDetailsCheck.default.bathrooms);\ncy.contains(\"More Info\").click();\ncy.contains(_newListingDetails.default.title);\ncy.contains(_listingDetailsCheck.default.address);\ncy.contains(_listingDetailsCheck.default.price);\ncy.contains(_listingDetailsCheck.default.lotSize);\ncy.contains(_listingDetailsCheck.default.garage);\ncy.contains(_listingDetailsCheck.default.bedrooms);\ncy.contains(_listingDetailsCheck.default.sqft);\ncy.contains(_listingDetailsCheck.default.bathrooms);\ncy.contains(_listingDetailsCheck.default.description);",
              "err": {},
              "uuid": "bebacb92-f439-493b-a072-523f4f410766",
              "parentUUID": "b71bdfd9-3439-4552-b399-e7241b870288",
              "isHook": false,
              "skipped": false
            },
            {
              "title": "Should search by price",
              "fullTitle": "Search Should search by price",
              "timedOut": null,
              "duration": 433,
              "state": "passed",
              "speed": "fast",
              "pass": true,
              "fail": false,
              "pending": false,
              "context": null,
              "code": "const minPrice = _listingDetailsCheck.default.minPrice;\nconst maxPrice = _listingDetailsCheck.default.maxPrice;\ncy.visit(`/featured-listings?price=${minPrice}-${maxPrice}`);\n_featuredListings.default.priceBox.each($el => {\n  cy.wrap($el).find(\".MuiBox-root\").eq(0).invoke(\"text\").then(text => {\n    const currentPrice = parseInt(text.replace(/\\D/g, \"\").trim());\n    expect(currentPrice).to.be.above(minPrice - 1);\n    expect(currentPrice).to.be.below(maxPrice + 1);\n  });\n});",
              "err": {},
              "uuid": "a6863620-d0c5-46cd-b889-97d08cea857f",
              "parentUUID": "b71bdfd9-3439-4552-b399-e7241b870288",
              "isHook": false,
              "skipped": false
            }
          ],
          "suites": [],
          "passes": [
            "6e42a39c-c060-4d04-9067-397f6afd5204",
            "c790ebe8-270e-4468-9717-3c3291b07d09",
            "bebacb92-f439-493b-a072-523f4f410766",
            "a6863620-d0c5-46cd-b889-97d08cea857f"
          ],
          "failures": [],
          "pending": [],
          "skipped": [],
          "duration": 4457,
          "root": false,
          "rootEmpty": false,
          "_timeout": 2000
        }
      ],
      "passes": [],
      "failures": [],
      "pending": [],
      "skipped": [],
      "duration": 0,
      "root": true,
      "rootEmpty": true,
      "_timeout": 2000
    }
  ],
  "meta": {
    "mocha": {
      "version": "7.0.1"
    },
    "mochawesome": {
      "options": {
        "quiet": false,
        "reportFilename": "mochawesome",
        "saveHtml": false,
        "saveJson": true,
        "consoleReporter": "spec",
        "useInlineDiffs": false,
        "code": true
      },
      "version": "7.1.3"
    },
    "marge": {
      "options": {
        "overwrite": false,
        "showPassed": true,
        "html": false,
        "json": true,
        "reportDir": "cypress/reports/html/.jsons"
      },
      "version": "6.2.0"
    }
  }
}