{
  "stats": {
    "suites": 1,
    "tests": 1,
    "passes": 0,
    "pending": 4,
    "failures": -3,
    "start": "2024-11-08T18:56:13.481Z",
    "end": "2024-11-08T18:56:13.726Z",
    "duration": 245,
    "testsRegistered": 4,
    "passPercent": null,
    "pendingPercent": 100,
    "other": 3,
    "hasOther": true,
    "skipped": 0,
    "hasSkipped": false
  },
  "results": [
    {
      "uuid": "58c4c88a-1d0d-4f43-879e-cf5aca8a3689",
      "title": "",
      "fullFile": "cypress/e2e/registration/registration.spec.cy.js",
      "file": "cypress/e2e/registration/registration.spec.cy.js",
      "beforeHooks": [],
      "afterHooks": [],
      "tests": [],
      "suites": [
        {
          "uuid": "1e373f15-8737-432f-b1c4-74d28c5e5b6a",
          "title": "Registration",
          "fullFile": "",
          "file": "",
          "beforeHooks": [],
          "afterHooks": [],
          "tests": [
            {
              "title": "Should register a new account",
              "fullTitle": "Registration Should register a new account",
              "timedOut": null,
              "duration": 0,
              "state": "pending",
              "speed": null,
              "pass": false,
              "fail": false,
              "pending": true,
              "context": null,
              "code": "cy.intercept('POST', '/api/users/registration').as('registerUser');\n_registration_page.default.registration(firstName, lastName, email, password);\ncy.wait('@registerUser').then(interception => {\n  const newUserId = interception.response.body.user.id;\n  Cypress.env(\"newUserId\", newUserId);\n  window.localStorage.setItem(\"accessToken\", interception.response.body.accessToken);\n});\n_dashboard.default.roleLbl.should(\"have.text\", _userCredentials.default.user.role);\n_dashboard.default.nameLbl.should(\"have.text\", `${firstName}  ${lastName}`);\ncy.title().should(\"eq\", \"User: Profile | Delek Homes\");",
              "err": {},
              "uuid": "9af06920-33b8-42c8-9687-56a53405061a",
              "parentUUID": "1e373f15-8737-432f-b1c4-74d28c5e5b6a",
              "isHook": false,
              "skipped": false
            },
            {
              "title": "Should not register with an already existing email account",
              "fullTitle": "Registration Should not register with an already existing email account",
              "timedOut": null,
              "duration": 0,
              "state": "pending",
              "speed": null,
              "pass": false,
              "fail": false,
              "pending": true,
              "context": null,
              "code": "_registration_page.default.registration(firstName, lastName, _userCredentials.default.realtor.email, password);\n_registration_page.default.alertMssg.should(\"exist\").and(\"have.text\", _registrationValidationErrors.default.validationFailed);",
              "err": {},
              "uuid": "1a886974-30cf-4354-b5e9-0a174ffd888b",
              "parentUUID": "1e373f15-8737-432f-b1c4-74d28c5e5b6a",
              "isHook": false,
              "skipped": false
            },
            {
              "title": "Should not register without filling in required fields",
              "fullTitle": "Registration Should not register without filling in required fields",
              "timedOut": null,
              "duration": 0,
              "state": "pending",
              "speed": null,
              "pass": false,
              "fail": false,
              "pending": true,
              "context": null,
              "code": "_registration_page.default.submitBtn.click();\ncy.contains(_registrationValidationErrors.default.firstNameRequired);\ncy.contains(_registrationValidationErrors.default.lastNameRequired);\ncy.contains(_registrationValidationErrors.default.emailRequired);\ncy.contains(_registrationValidationErrors.default.passwordRequired);",
              "err": {},
              "uuid": "59ca1163-d522-4284-a6f1-2586e31ad0a2",
              "parentUUID": "1e373f15-8737-432f-b1c4-74d28c5e5b6a",
              "isHook": false,
              "skipped": false
            },
            {
              "title": "Should overwrite user role",
              "fullTitle": "Registration Should overwrite user role",
              "timedOut": null,
              "duration": 0,
              "state": "pending",
              "speed": null,
              "pass": false,
              "fail": false,
              "pending": true,
              "context": null,
              "code": "cy.overwriteRole();\ncy.login(email, password);\n_dashboard.default.roleLbl.should(\"have.text\", _userCredentials.default.realtor.role);",
              "err": {},
              "uuid": "f6c60459-b66f-4d5c-913a-08775ab55d03",
              "parentUUID": "1e373f15-8737-432f-b1c4-74d28c5e5b6a",
              "isHook": false,
              "skipped": false
            }
          ],
          "suites": [],
          "passes": [],
          "failures": [],
          "pending": [
            "9af06920-33b8-42c8-9687-56a53405061a",
            "1a886974-30cf-4354-b5e9-0a174ffd888b",
            "59ca1163-d522-4284-a6f1-2586e31ad0a2",
            "f6c60459-b66f-4d5c-913a-08775ab55d03"
          ],
          "skipped": [],
          "duration": 0,
          "root": false,
          "rootEmpty": false,
          "_timeout": 2000
        }
      ],
      "passes": [],
      "failures": [],
      "pending": [],
      "skipped": [],
      "duration": 0,
      "root": true,
      "rootEmpty": true,
      "_timeout": 2000
    }
  ],
  "meta": {
    "mocha": {
      "version": "7.0.1"
    },
    "mochawesome": {
      "options": {
        "quiet": false,
        "reportFilename": "mochawesome",
        "saveHtml": false,
        "saveJson": true,
        "consoleReporter": "spec",
        "useInlineDiffs": false,
        "code": true
      },
      "version": "7.1.3"
    },
    "marge": {
      "options": {
        "overwrite": false,
        "showPassed": true,
        "html": false,
        "json": true,
        "alwaysGenerateReport": true,
        "reportDir": "cypress/reports/html/.jsons"
      },
      "version": "6.2.0"
    }
  }
}