{
  "stats": {
    "suites": 1,
    "tests": 1,
    "passes": 0,
    "pending": 4,
    "failures": -3,
    "start": "2024-11-08T18:49:15.880Z",
    "end": "2024-11-08T18:49:15.921Z",
    "duration": 41,
    "testsRegistered": 4,
    "passPercent": null,
    "pendingPercent": 100,
    "other": 3,
    "hasOther": true,
    "skipped": 0,
    "hasSkipped": false
  },
  "results": [
    {
      "uuid": "1aac78f3-0c17-49e5-804d-385675ae9acb",
      "title": "",
      "fullFile": "cypress/e2e/registration/registration.spec.cy.js",
      "file": "cypress/e2e/registration/registration.spec.cy.js",
      "beforeHooks": [],
      "afterHooks": [],
      "tests": [],
      "suites": [
        {
          "uuid": "4fa311d6-8b5f-4dc2-ad99-c0e17ef43167",
          "title": "Registration",
          "fullFile": "",
          "file": "",
          "beforeHooks": [],
          "afterHooks": [],
          "tests": [
            {
              "title": "Should register a new account",
              "fullTitle": "Registration Should register a new account",
              "timedOut": null,
              "duration": 0,
              "state": "pending",
              "speed": null,
              "pass": false,
              "fail": false,
              "pending": true,
              "context": null,
              "code": "cy.intercept('POST', '/api/users/registration').as('registerUser');\n_registration_page.default.registration(firstName, lastName, email, password);\ncy.wait('@registerUser').then(interception => {\n  const newUserId = interception.response.body.user.id;\n  Cypress.env(\"newUserId\", newUserId);\n  window.localStorage.setItem(\"accessToken\", interception.response.body.accessToken);\n});\n_dashboard.default.roleLbl.should(\"have.text\", _userCredentials.default.user.role);\n_dashboard.default.nameLbl.should(\"have.text\", `${firstName}  ${lastName}`);\ncy.title().should(\"eq\", \"User: Profile | Delek Homes\");",
              "err": {},
              "uuid": "a54d56aa-3f06-4780-8ebd-ff434d7e667d",
              "parentUUID": "4fa311d6-8b5f-4dc2-ad99-c0e17ef43167",
              "isHook": false,
              "skipped": false
            },
            {
              "title": "Should not register with an already existing email account",
              "fullTitle": "Registration Should not register with an already existing email account",
              "timedOut": null,
              "duration": 0,
              "state": "pending",
              "speed": null,
              "pass": false,
              "fail": false,
              "pending": true,
              "context": null,
              "code": "_registration_page.default.registration(firstName, lastName, _userCredentials.default.realtor.email, password);\n_registration_page.default.alertMssg.should(\"exist\").and(\"have.text\", _registrationValidationErrors.default.validationFailed);",
              "err": {},
              "uuid": "492d51be-a65a-4544-ac3d-8f54a9790255",
              "parentUUID": "4fa311d6-8b5f-4dc2-ad99-c0e17ef43167",
              "isHook": false,
              "skipped": false
            },
            {
              "title": "Should not register without filling in required fields",
              "fullTitle": "Registration Should not register without filling in required fields",
              "timedOut": null,
              "duration": 0,
              "state": "pending",
              "speed": null,
              "pass": false,
              "fail": false,
              "pending": true,
              "context": null,
              "code": "_registration_page.default.submitBtn.click();\ncy.contains(_registrationValidationErrors.default.firstNameRequired);\ncy.contains(_registrationValidationErrors.default.lastNameRequired);\ncy.contains(_registrationValidationErrors.default.emailRequired);\ncy.contains(_registrationValidationErrors.default.passwordRequired);",
              "err": {},
              "uuid": "05df3f51-6734-4f43-b5db-0c247697ce41",
              "parentUUID": "4fa311d6-8b5f-4dc2-ad99-c0e17ef43167",
              "isHook": false,
              "skipped": false
            },
            {
              "title": "Should overwrite user role",
              "fullTitle": "Registration Should overwrite user role",
              "timedOut": null,
              "duration": 0,
              "state": "pending",
              "speed": null,
              "pass": false,
              "fail": false,
              "pending": true,
              "context": null,
              "code": "cy.overwriteRole();\ncy.login(email, password);\n_dashboard.default.roleLbl.should(\"have.text\", _userCredentials.default.realtor.role);",
              "err": {},
              "uuid": "968c1a7b-d948-49da-b00c-f7ce9649c909",
              "parentUUID": "4fa311d6-8b5f-4dc2-ad99-c0e17ef43167",
              "isHook": false,
              "skipped": false
            }
          ],
          "suites": [],
          "passes": [],
          "failures": [],
          "pending": [
            "a54d56aa-3f06-4780-8ebd-ff434d7e667d",
            "492d51be-a65a-4544-ac3d-8f54a9790255",
            "05df3f51-6734-4f43-b5db-0c247697ce41",
            "968c1a7b-d948-49da-b00c-f7ce9649c909"
          ],
          "skipped": [],
          "duration": 0,
          "root": false,
          "rootEmpty": false,
          "_timeout": 2000
        }
      ],
      "passes": [],
      "failures": [],
      "pending": [],
      "skipped": [],
      "duration": 0,
      "root": true,
      "rootEmpty": true,
      "_timeout": 2000
    }
  ],
  "meta": {
    "mocha": {
      "version": "7.0.1"
    },
    "mochawesome": {
      "options": {
        "quiet": false,
        "reportFilename": "mochawesome",
        "saveHtml": false,
        "saveJson": true,
        "consoleReporter": "spec",
        "useInlineDiffs": false,
        "code": true
      },
      "version": "7.1.3"
    },
    "marge": {
      "options": {
        "overwrite": false,
        "showPassed": true,
        "html": false,
        "json": true,
        "alwaysGenerateReport": true,
        "reportDir": "cypress/reports/html/.jsons"
      },
      "version": "6.2.0"
    }
  }
}