{
  "stats": {
    "suites": 1,
    "tests": 4,
    "passes": 4,
    "pending": 0,
    "failures": 0,
    "start": "2024-09-21T13:26:40.085Z",
    "end": "2024-09-21T13:26:45.458Z",
    "duration": 5373,
    "testsRegistered": 4,
    "passPercent": 100,
    "pendingPercent": 0,
    "other": 0,
    "hasOther": false,
    "skipped": 0,
    "hasSkipped": false
  },
  "results": [
    {
      "uuid": "d835b480-2778-4d44-9d92-912c5815e373",
      "title": "",
      "fullFile": "cypress/e2e/search/search.homePage.positive.cy.js",
      "file": "cypress/e2e/search/search.homePage.positive.cy.js",
      "beforeHooks": [],
      "afterHooks": [],
      "tests": [],
      "suites": [
        {
          "uuid": "2936572e-1699-4288-9459-8ceb5ec3e211",
          "title": "Search",
          "fullFile": "",
          "file": "",
          "beforeHooks": [],
          "afterHooks": [],
          "tests": [
            {
              "title": "Should search by keyword",
              "fullTitle": "Search Should search by keyword",
              "timedOut": null,
              "duration": 2680,
              "state": "passed",
              "speed": "fast",
              "pass": true,
              "fail": false,
              "pending": false,
              "context": null,
              "code": "_home.default.searchInp.eq(0).type(_newListingDetails.default.title);\ncy.contains(\"Start Search\").click();\ncy.contains(_newListingDetails.default.title);\ncy.contains(_listingDetailsCheck.default.city);\ncy.contains(_listingDetailsCheck.default.price);",
              "err": {},
              "uuid": "43623357-e71c-4912-91ab-6d3c66cf9522",
              "parentUUID": "2936572e-1699-4288-9459-8ceb5ec3e211",
              "isHook": false,
              "skipped": false
            },
            {
              "title": "Should search by bedrooms",
              "fullTitle": "Search Should search by bedrooms",
              "timedOut": null,
              "duration": 1140,
              "state": "passed",
              "speed": "fast",
              "pass": true,
              "fail": false,
              "pending": false,
              "context": null,
              "code": "cy.contains(\"label\", \"Bedrooms\").parent().click();\n_home.default.bedrmsDrpdwnSelect.click();\ncy.contains(\"Start Search\").click();\n_featuredListings.default.bedroomIcn.parent().each($el => {\n  cy.wrap($el).invoke(\"text\").then(text => {\n    const numberBedrooms = Number(text.replace(/\\D/g, \"\"));\n    expect(numberBedrooms).to.be.greaterThan(1);\n  });\n});\ncy.contains(\"More Info\").click();\n_featuredListings.default.bedroomIcn.parent().invoke(\"text\").then(text => {\n  const numberBedrooms = Number(text.replace(/\\D/g, \"\"));\n  expect(numberBedrooms).to.be.greaterThan(1);\n});",
              "err": {},
              "uuid": "3bac4835-7730-4ffb-bbad-bd92ad31e300",
              "parentUUID": "2936572e-1699-4288-9459-8ceb5ec3e211",
              "isHook": false,
              "skipped": false
            },
            {
              "title": "Should search by city",
              "fullTitle": "Search Should search by city",
              "timedOut": null,
              "duration": 920,
              "state": "passed",
              "speed": "fast",
              "pass": true,
              "fail": false,
              "pending": false,
              "context": null,
              "code": "cy.contains(\"label\", \"City\").parent().type(_listingDetailsCheck.default.city);\ncy.contains(\"Start Search\").click();\ncy.contains(_listingDetailsCheck.default.city).should(\"have.length\", 1);\ncy.contains(_newListingDetails.default.title);\ncy.contains(_listingDetailsCheck.default.address);\ncy.contains(_listingDetailsCheck.default.state);\ncy.contains(_listingDetailsCheck.default.sqft);\ncy.contains(_listingDetailsCheck.default.bedrooms);\ncy.contains(_listingDetailsCheck.default.garage);\ncy.contains(_listingDetailsCheck.default.bathrooms);\ncy.contains(\"More Info\").click();\ncy.contains(_newListingDetails.default.title);\ncy.contains(_listingDetailsCheck.default.address);\ncy.contains(_listingDetailsCheck.default.price);\ncy.contains(_listingDetailsCheck.default.lotSize);\ncy.contains(_listingDetailsCheck.default.garage);\ncy.contains(_listingDetailsCheck.default.bedrooms);\ncy.contains(_listingDetailsCheck.default.sqft);\ncy.contains(_listingDetailsCheck.default.bathrooms);\ncy.contains(_listingDetailsCheck.default.description);",
              "err": {},
              "uuid": "9743361d-aede-464c-af52-50cdf914f160",
              "parentUUID": "2936572e-1699-4288-9459-8ceb5ec3e211",
              "isHook": false,
              "skipped": false
            },
            {
              "title": "Should search by price",
              "fullTitle": "Search Should search by price",
              "timedOut": null,
              "duration": 436,
              "state": "passed",
              "speed": "fast",
              "pass": true,
              "fail": false,
              "pending": false,
              "context": null,
              "code": "const minPrice = _listingDetailsCheck.default.minPrice;\nconst maxPrice = _listingDetailsCheck.default.maxPrice;\ncy.visit(`/featured-listings?price=${minPrice}-${maxPrice}`);\n_featuredListings.default.priceBox.each($el => {\n  cy.wrap($el).find(\".MuiBox-root\").eq(0).invoke(\"text\").then(text => {\n    const currentPrice = parseInt(text.replace(/\\D/g, \"\").trim());\n    expect(currentPrice).to.be.above(minPrice - 1);\n    expect(currentPrice).to.be.below(maxPrice + 1);\n  });\n});",
              "err": {},
              "uuid": "d4a881a2-5b7b-440e-a30b-81cde4fa4bc3",
              "parentUUID": "2936572e-1699-4288-9459-8ceb5ec3e211",
              "isHook": false,
              "skipped": false
            }
          ],
          "suites": [],
          "passes": [
            "43623357-e71c-4912-91ab-6d3c66cf9522",
            "3bac4835-7730-4ffb-bbad-bd92ad31e300",
            "9743361d-aede-464c-af52-50cdf914f160",
            "d4a881a2-5b7b-440e-a30b-81cde4fa4bc3"
          ],
          "failures": [],
          "pending": [],
          "skipped": [],
          "duration": 5176,
          "root": false,
          "rootEmpty": false,
          "_timeout": 2000
        }
      ],
      "passes": [],
      "failures": [],
      "pending": [],
      "skipped": [],
      "duration": 0,
      "root": true,
      "rootEmpty": true,
      "_timeout": 2000
    }
  ],
  "meta": {
    "mocha": {
      "version": "7.0.1"
    },
    "mochawesome": {
      "options": {
        "quiet": false,
        "reportFilename": "mochawesome",
        "saveHtml": false,
        "saveJson": true,
        "consoleReporter": "spec",
        "useInlineDiffs": false,
        "code": true
      },
      "version": "7.1.3"
    },
    "marge": {
      "options": {
        "overwrite": false,
        "showPassed": true,
        "html": false,
        "json": true,
        "reportDir": "cypress/reports/html/.jsons"
      },
      "version": "6.2.0"
    }
  }
}