{
  "stats": {
    "suites": 1,
    "tests": 1,
    "passes": 0,
    "pending": 4,
    "failures": -3,
    "start": "2024-11-08T19:00:45.121Z",
    "end": "2024-11-08T19:00:45.161Z",
    "duration": 40,
    "testsRegistered": 4,
    "passPercent": null,
    "pendingPercent": 100,
    "other": 3,
    "hasOther": true,
    "skipped": 0,
    "hasSkipped": false
  },
  "results": [
    {
      "uuid": "f37cc5fb-3ef2-4421-b674-22e5317f270e",
      "title": "",
      "fullFile": "cypress/e2e/registration/registration.spec.cy.js",
      "file": "cypress/e2e/registration/registration.spec.cy.js",
      "beforeHooks": [],
      "afterHooks": [],
      "tests": [],
      "suites": [
        {
          "uuid": "d769ffe1-d897-49ca-bb22-f1d7979e9940",
          "title": "Registration",
          "fullFile": "",
          "file": "",
          "beforeHooks": [],
          "afterHooks": [],
          "tests": [
            {
              "title": "Should register a new account",
              "fullTitle": "Registration Should register a new account",
              "timedOut": null,
              "duration": 0,
              "state": "pending",
              "speed": null,
              "pass": false,
              "fail": false,
              "pending": true,
              "context": null,
              "code": "cy.intercept('POST', '/api/users/registration').as('registerUser');\n_registration_page.default.registration(firstName, lastName, email, password);\ncy.wait('@registerUser').then(interception => {\n  const newUserId = interception.response.body.user.id;\n  Cypress.env(\"newUserId\", newUserId);\n  window.localStorage.setItem(\"accessToken\", interception.response.body.accessToken);\n});\n_dashboard.default.roleLbl.should(\"have.text\", _userCredentials.default.user.role);\n_dashboard.default.nameLbl.should(\"have.text\", `${firstName}  ${lastName}`);\ncy.title().should(\"eq\", \"User: Profile | Delek Homes\");",
              "err": {},
              "uuid": "b2d208a1-d750-4759-9d02-491af8485957",
              "parentUUID": "d769ffe1-d897-49ca-bb22-f1d7979e9940",
              "isHook": false,
              "skipped": false
            },
            {
              "title": "Should not register with an already existing email account",
              "fullTitle": "Registration Should not register with an already existing email account",
              "timedOut": null,
              "duration": 0,
              "state": "pending",
              "speed": null,
              "pass": false,
              "fail": false,
              "pending": true,
              "context": null,
              "code": "_registration_page.default.registration(firstName, lastName, _userCredentials.default.realtor.email, password);\n_registration_page.default.alertMssg.should(\"exist\").and(\"have.text\", _registrationValidationErrors.default.validationFailed);",
              "err": {},
              "uuid": "56d022bd-71f8-4681-8ed3-1c603b7be771",
              "parentUUID": "d769ffe1-d897-49ca-bb22-f1d7979e9940",
              "isHook": false,
              "skipped": false
            },
            {
              "title": "Should not register without filling in required fields",
              "fullTitle": "Registration Should not register without filling in required fields",
              "timedOut": null,
              "duration": 0,
              "state": "pending",
              "speed": null,
              "pass": false,
              "fail": false,
              "pending": true,
              "context": null,
              "code": "_registration_page.default.submitBtn.click();\ncy.contains(_registrationValidationErrors.default.firstNameRequired);\ncy.contains(_registrationValidationErrors.default.lastNameRequired);\ncy.contains(_registrationValidationErrors.default.emailRequired);\ncy.contains(_registrationValidationErrors.default.passwordRequired);",
              "err": {},
              "uuid": "f91eb9ad-a347-48dc-8a50-39e4cba29ff0",
              "parentUUID": "d769ffe1-d897-49ca-bb22-f1d7979e9940",
              "isHook": false,
              "skipped": false
            },
            {
              "title": "Should overwrite user role",
              "fullTitle": "Registration Should overwrite user role",
              "timedOut": null,
              "duration": 0,
              "state": "pending",
              "speed": null,
              "pass": false,
              "fail": false,
              "pending": true,
              "context": null,
              "code": "cy.overwriteRole();\ncy.login(email, password);\n_dashboard.default.roleLbl.should(\"have.text\", _userCredentials.default.realtor.role);",
              "err": {},
              "uuid": "b2c7cf5c-cefe-4e65-88fa-33a09983849b",
              "parentUUID": "d769ffe1-d897-49ca-bb22-f1d7979e9940",
              "isHook": false,
              "skipped": false
            }
          ],
          "suites": [],
          "passes": [],
          "failures": [],
          "pending": [
            "b2d208a1-d750-4759-9d02-491af8485957",
            "56d022bd-71f8-4681-8ed3-1c603b7be771",
            "f91eb9ad-a347-48dc-8a50-39e4cba29ff0",
            "b2c7cf5c-cefe-4e65-88fa-33a09983849b"
          ],
          "skipped": [],
          "duration": 0,
          "root": false,
          "rootEmpty": false,
          "_timeout": 2000
        }
      ],
      "passes": [],
      "failures": [],
      "pending": [],
      "skipped": [],
      "duration": 0,
      "root": true,
      "rootEmpty": true,
      "_timeout": 2000
    }
  ],
  "meta": {
    "mocha": {
      "version": "7.0.1"
    },
    "mochawesome": {
      "options": {
        "quiet": false,
        "reportFilename": "mochawesome",
        "saveHtml": false,
        "saveJson": true,
        "consoleReporter": "spec",
        "useInlineDiffs": false,
        "code": true
      },
      "version": "7.1.3"
    },
    "marge": {
      "options": {
        "overwrite": false,
        "showPassed": true,
        "html": false,
        "json": true,
        "alwaysGenerateReport": true,
        "reportDir": "cypress/reports/html/.jsons"
      },
      "version": "6.2.0"
    }
  }
}