{
  "stats": {
    "suites": 1,
    "tests": 1,
    "passes": 0,
    "pending": 2,
    "failures": -1,
    "start": "2024-11-08T18:49:17.223Z",
    "end": "2024-11-08T18:49:17.267Z",
    "duration": 44,
    "testsRegistered": 2,
    "passPercent": null,
    "pendingPercent": 100,
    "other": 1,
    "hasOther": true,
    "skipped": 0,
    "hasSkipped": false
  },
  "results": [
    {
      "uuid": "1cd54c9a-3565-4d2e-8c56-3415220ecbf4",
      "title": "",
      "fullFile": "cypress/e2e/login/login.spec.cy.js",
      "file": "cypress/e2e/login/login.spec.cy.js",
      "beforeHooks": [],
      "afterHooks": [],
      "tests": [],
      "suites": [
        {
          "uuid": "dd781eb2-f14a-43f0-bca5-ed33bf8da44b",
          "title": "Login",
          "fullFile": "",
          "file": "",
          "beforeHooks": [],
          "afterHooks": [],
          "tests": [
            {
              "title": "Should Log in with exusting account",
              "fullTitle": "Login Should Log in with exusting account",
              "timedOut": null,
              "duration": 0,
              "state": "pending",
              "speed": null,
              "pass": false,
              "fail": false,
              "pending": true,
              "context": null,
              "code": "_login.default.login(_userCredentials.default.user.email, _userCredentials.default.user.password);\n// dashboardPage.nameLbl.should(\"have.text\", userCredentials.user.name);\n_dashboard.default.roleLbl.should(\"have.text\", _userCredentials.default.user.role);\ncy.title().should(\"eq\", \"User: Profile | Delek Homes\");",
              "err": {},
              "uuid": "fe6f7ddf-c55b-4919-90fc-f1d7b86b36d5",
              "parentUUID": "dd781eb2-f14a-43f0-bca5-ed33bf8da44b",
              "isHook": false,
              "skipped": false
            },
            {
              "title": "Should Log out",
              "fullTitle": "Login Should Log out",
              "timedOut": null,
              "duration": 0,
              "state": "pending",
              "speed": null,
              "pass": false,
              "fail": false,
              "pending": true,
              "context": null,
              "code": "cy.login();\n_dashboard.default.accountIc.click();\ncy.contains(\"Logout\").click();\ncy.url().should(\"include\", \"auth/login\");\ncy.title().should(\"eq\", \"Login | Delek Homes\");",
              "err": {},
              "uuid": "81ea48c7-e4e4-42f8-acfa-9d41ae6a8922",
              "parentUUID": "dd781eb2-f14a-43f0-bca5-ed33bf8da44b",
              "isHook": false,
              "skipped": false
            }
          ],
          "suites": [],
          "passes": [],
          "failures": [],
          "pending": [
            "fe6f7ddf-c55b-4919-90fc-f1d7b86b36d5",
            "81ea48c7-e4e4-42f8-acfa-9d41ae6a8922"
          ],
          "skipped": [],
          "duration": 0,
          "root": false,
          "rootEmpty": false,
          "_timeout": 2000
        }
      ],
      "passes": [],
      "failures": [],
      "pending": [],
      "skipped": [],
      "duration": 0,
      "root": true,
      "rootEmpty": true,
      "_timeout": 2000
    }
  ],
  "meta": {
    "mocha": {
      "version": "7.0.1"
    },
    "mochawesome": {
      "options": {
        "quiet": false,
        "reportFilename": "mochawesome",
        "saveHtml": false,
        "saveJson": true,
        "consoleReporter": "spec",
        "useInlineDiffs": false,
        "code": true
      },
      "version": "7.1.3"
    },
    "marge": {
      "options": {
        "overwrite": false,
        "showPassed": true,
        "html": false,
        "json": true,
        "alwaysGenerateReport": true,
        "reportDir": "cypress/reports/html/.jsons"
      },
      "version": "6.2.0"
    }
  }
}