{
  "stats": {
    "suites": 1,
    "tests": 2,
    "passes": 2,
    "pending": 0,
    "failures": 0,
    "start": "2024-09-19T02:04:21.893Z",
    "end": "2024-09-19T02:04:24.339Z",
    "duration": 2446,
    "testsRegistered": 2,
    "passPercent": 100,
    "pendingPercent": 0,
    "other": 0,
    "hasOther": false,
    "skipped": 0,
    "hasSkipped": false
  },
  "results": [
    {
      "uuid": "7475958a-a9a9-4b66-91e0-4b4736ad6f99",
      "title": "",
      "fullFile": "cypress/e2e/login/login.spec.cy.js",
      "file": "cypress/e2e/login/login.spec.cy.js",
      "beforeHooks": [],
      "afterHooks": [],
      "tests": [],
      "suites": [
        {
          "uuid": "c1676abf-3a6f-4421-ad44-d73a98eb2c54",
          "title": "Login",
          "fullFile": "",
          "file": "",
          "beforeHooks": [],
          "afterHooks": [],
          "tests": [
            {
              "title": "Should Log in with exusting account",
              "fullTitle": "Login Should Log in with exusting account",
              "timedOut": null,
              "duration": 1632,
              "state": "passed",
              "speed": "fast",
              "pass": true,
              "fail": false,
              "pending": false,
              "context": null,
              "code": "_login.default.login(_userCredentials.default.realtor.email, _userCredentials.default.realtor.password);\n_dashboard.default.nameLbl.should(\"have.text\", _userCredentials.default.realtor.name);\n_dashboard.default.roleLbl.should(\"have.text\", _userCredentials.default.realtor.role);\ncy.title().should(\"eq\", \"User: Profile | Delek Homes\");",
              "err": {},
              "uuid": "2158c8be-1d91-44d4-b59a-b6545265e125",
              "parentUUID": "c1676abf-3a6f-4421-ad44-d73a98eb2c54",
              "isHook": false,
              "skipped": false
            },
            {
              "title": "Should Log out",
              "fullTitle": "Login Should Log out",
              "timedOut": null,
              "duration": 764,
              "state": "passed",
              "speed": "fast",
              "pass": true,
              "fail": false,
              "pending": false,
              "context": null,
              "code": "cy.login();\n_dashboard.default.accountIcn.click();\ncy.contains(\"Logout\").click();\ncy.url().should(\"include\", \"auth/login\");\ncy.title().should(\"eq\", \"Login | Delek Homes\");",
              "err": {},
              "uuid": "70e8e368-4f1c-4b0b-b9ad-2d1f00cb2a31",
              "parentUUID": "c1676abf-3a6f-4421-ad44-d73a98eb2c54",
              "isHook": false,
              "skipped": false
            }
          ],
          "suites": [],
          "passes": [
            "2158c8be-1d91-44d4-b59a-b6545265e125",
            "70e8e368-4f1c-4b0b-b9ad-2d1f00cb2a31"
          ],
          "failures": [],
          "pending": [],
          "skipped": [],
          "duration": 2396,
          "root": false,
          "rootEmpty": false,
          "_timeout": 2000
        }
      ],
      "passes": [],
      "failures": [],
      "pending": [],
      "skipped": [],
      "duration": 0,
      "root": true,
      "rootEmpty": true,
      "_timeout": 2000
    }
  ],
  "meta": {
    "mocha": {
      "version": "7.0.1"
    },
    "mochawesome": {
      "options": {
        "quiet": false,
        "reportFilename": "mochawesome",
        "saveHtml": false,
        "saveJson": true,
        "consoleReporter": "spec",
        "useInlineDiffs": false,
        "code": true
      },
      "version": "7.1.3"
    },
    "marge": {
      "options": {
        "reportDir": "mochawesome-report-chrome/.jsons",
        "overwrite": false,
        "showPassed": true,
        "html": false,
        "json": true
      },
      "version": "6.2.0"
    }
  }
}